BypassAndroidFull/proguard/seeds.txt
com.brentonbostick.bypass.android.full.BypassAndroidFullPlatform
com.brentonbostick.bypass.android.full.MainMenuActivity
com.brentonbostick.bypass.android.full.MainMenuActivity: MainMenuActivity()
com.brentonbostick.bypass.android.full.R$color: int grass_green
com.brentonbostick.bypass.android.full.R$drawable: int carsheet
com.brentonbostick.bypass.android.full.R$drawable: int copyright
com.brentonbostick.bypass.android.full.R$drawable: int ic_launcher
com.brentonbostick.bypass.android.full.R$drawable: int logo
com.brentonbostick.bypass.android.full.R$drawable: int spritesheet
com.brentonbostick.bypass.android.full.R$id: int btn_levelmenu_clearScores
com.brentonbostick.bypass.android.full.R$id: int btn_levelmenu_toggleInfo
com.brentonbostick.bypass.android.full.R$id: int btn_world_hint
com.brentonbostick.bypass.android.full.R$id: int btn_world_resetLevel
com.brentonbostick.bypass.android.full.R$id: int btn_world_toggleInfo
com.brentonbostick.bypass.android.full.R$id: int view_bypassworld
com.brentonbostick.bypass.android.full.R$id: int view_levelmenu
com.brentonbostick.bypass.android.full.R$id: int view_mainmenu
com.brentonbostick.bypass.android.full.R$layout: int activity_bypassworld
com.brentonbostick.bypass.android.full.R$layout: int activity_levelmenu
com.brentonbostick.bypass.android.full.R$layout: int activity_mainmenu
com.brentonbostick.bypass.android.full.R$menu: int levelmenu_context_menu
com.brentonbostick.bypass.android.full.R$menu: int world_context_menu
com.brentonbostick.bypass.android.full.R$raw: int episode1
com.brentonbostick.bypass.android.full.R$raw: int episode2
com.brentonbostick.bypass.android.full.R$raw: int tutorial
com.brentonbostick.bypass.android.full.R$string: int app_name
com.brentonbostick.bypass.android.full.R$string: int clear_scores
com.brentonbostick.bypass.android.full.R$string: int hint
com.brentonbostick.bypass.android.full.R$string: int reset_level
com.brentonbostick.bypass.android.full.R$string: int toggle_info
com.brentonbostick.bypass.android.full.R$style: int Theme_BypassLevelMenu
com.brentonbostick.bypass.android.full.R$style: int Theme_BypassMainMenu
com.brentonbostick.bypass.android.full.R$style: int Theme_BypassWorld
...
android.support.v4.app.FragmentState
android.support.v4.app.FragmentState: android.os.Parcelable$Creator CREATOR
android.support.v4.app.FragmentTabHost: void setOnTabChangedListener(android.widget.TabHost$OnTabChangeListener)
android.support.v4.app.FragmentTabHost$SavedState
android.support.v4.app.FragmentTabHost$SavedState: android.os.Parcelable$Creator CREATOR
android.support.v4.content.ModernAsyncTask$Status: android.support.v4.content.ModernAsyncTask$Status[] values()
android.support.v4.content.ModernAsyncTask$Status: android.support.v4.content.ModernAsyncTask$Status valueOf(java.lang.String)
android.support.v4.view.PagerTabStrip: void setTabIndicatorColor(int)
android.support.v4.view.PagerTabStrip: void setTabIndicatorColorResource(int)
android.support.v4.view.PagerTabStrip: int getTabIndicatorColor()
android.support.v4.view.PagerTabStrip: void setTextSpacing(int)
android.support.v4.view.PagerTabStrip: void setBackgroundDrawable(android.graphics.drawable.Drawable)
android.support.v4.view.PagerTabStrip: void setBackgroundColor(int)
android.support.v4.view.PagerTabStrip: void setBackgroundResource(int)
android.support.v4.view.PagerTabStrip: void setDrawFullUnderline(boolean)
android.support.v4.view.PagerTabStrip: boolean getDrawFullUnderline()
android.support.v4.view.PagerTabStrip: int getMinHeight()
android.support.v4.view.PagerTitleStrip: void setSingleLineAllCaps(android.widget.TextView)
android.support.v4.view.PagerTitleStrip: void setTextSpacing(int)
android.support.v4.view.PagerTitleStrip: int getTextSpacing()
android.support.v4.view.PagerTitleStrip: void setNonPrimaryAlpha(float)
android.support.v4.view.PagerTitleStrip: void setTextColor(int)
android.support.v4.view.PagerTitleStrip: void setGravity(int)
android.support.v4.view.PagerTitleStrip: int getMinHeight()
android.support.v4.view.ViewPager: void setScrollState(int)
android.support.v4.view.ViewPager: void setAdapter(android.support.v4.view.PagerAdapter)
android.support.v4.view.ViewPager: android.support.v4.view.PagerAdapter getAdapter()
android.support.v4.view.ViewPager: void setOnAdapterChangeListener(android.support.v4.view.ViewPager$OnAdapterChangeListener)
android.support.v4.view.ViewPager: void setCurrentItem(int)
android.support.v4.view.ViewPager: int getCurrentItem()
android.support.v4.view.ViewPager: void setOnPageChangeListener(android.support.v4.view.ViewPager$OnPageChangeListener)
android.support.v4.view.ViewPager: void setChildrenDrawingOrderEnabledCompat(boolean)
android.support.v4.view.ViewPager: int getOffscreenPageLimit()
android.support.v4.view.ViewPager: void setOffscreenPageLimit(int)
android.support.v4.view.ViewPager: void setPageMargin(int)
android.support.v4.view.ViewPager: int getPageMargin()
android.support.v4.view.ViewPager: void setPageMarginDrawable(android.graphics.drawable.Drawable)
android.support.v4.view.ViewPager: void setPageMarginDrawable(int)
android.support.v4.view.ViewPager: void setScrollingCacheEnabled(boolean)
android.support.v4.view.ViewPager$SavedState
android.support.v4.view.ViewPager$SavedState: android.os.Parcelable$Creator CREATOR
com.brentonbostick.bypass.android.ActivityState: com.brentonbostick.bypass.android.ActivityState[] values()
com.brentonbostick.bypass.android.ActivityState: com.brentonbostick.bypass.android.ActivityState valueOf(java.lang.String)
com.brentonbostick.bypass.android.BypassActivity: BypassActivity()
com.brentonbostick.bypass.android.BypassView
com.brentonbostick.bypass.android.BypassView: BypassView(android.content.Context,android.util.AttributeSet)
com.brentonbostick.bypass.android.R$color: int grass_green
com.brentonbostick.bypass.android.R$drawable: int ic_launcher