BypassAndroidFull/proguard/mapping.txt
com.brentonbostick.bypass.android.full.BypassAndroidFullPlatform -> com.brentonbostick.bypass.android.full.BypassAndroidFullPlatform:
    com.brentonbostick.bypass.level.LevelDB tutorialLevelDB -> k
    com.brentonbostick.bypass.level.LevelDB episode1LevelDB -> l
    com.brentonbostick.bypass.level.LevelDB episode2LevelDB -> m
    34:83:void createApplication() -> a
    87:94:com.brentonbostick.bypass.level.LevelDB levelDB(java.lang.String) -> a
    101:111:com.brentonbostick.capsloc.Resource imageResource(java.lang.String) -> c
    116:124:com.brentonbostick.capsloc.Resource levelDBResource(java.lang.String) -> d
    129:139:java.lang.String resourceName(com.brentonbostick.capsloc.Resource) -> c
    144:168:void action(java.lang.Class,java.lang.Object[]) -> a
com.brentonbostick.bypass.android.full.MainMenuActivity -> com.brentonbostick.bypass.android.full.MainMenuActivity:
    23:64:void onCreate(android.os.Bundle) -> onCreate
    67:70:void onDestroy() -> onDestroy
    73:76:void onStart() -> onStart
    79:82:void onStop() -> onStop
    85:88:void onResume() -> onResume
    92:95:void onSurfaceChanged(int,int) -> a
    98:101:void onPause() -> onPause
    104:109:void onSaveInstanceState(android.os.Bundle) -> onSaveInstanceState
com.brentonbostick.bypass.android.full.MainMenuFull -> com.brentonbostick.bypass.android.full.a:
    com.brentonbostick.capsloc.ui.MenuItem episode1MenuItem -> a
    com.brentonbostick.capsloc.ui.MenuItem episode2MenuItem -> b
    com.brentonbostick.capsloc.ui.MenuItem tutorialMenuItem -> c
    53:62:void updateFirstUnplayed() -> a
com.brentonbostick.bypass.android.full.MainMenuFull$1 -> com.brentonbostick.bypass.android.full.b:
    com.brentonbostick.bypass.android.full.MainMenuFull this$0 -> a
    22:25:void action() -> a
com.brentonbostick.bypass.android.full.MainMenuFull$2 -> com.brentonbostick.bypass.android.full.c:
    com.brentonbostick.bypass.android.full.MainMenuFull this$0 -> a
    32:35:void action() -> a
com.brentonbostick.bypass.android.full.MainMenuFull$3 -> com.brentonbostick.bypass.android.full.d:
    com.brentonbostick.bypass.android.full.MainMenuFull this$0 -> a
    42:45:void action() -> a
...
android.support.v4.view.ViewCompat$ViewCompatImpl -> android.support.v4.view.x:
    boolean canScrollHorizontally(android.view.View,int) -> a
    int getOverScrollMode(android.view.View) -> a
    void postInvalidateOnAnimation(android.view.View) -> b
    void postOnAnimation(android.view.View,java.lang.Runnable) -> a
    void setLayerType(android.view.View,int,android.graphics.Paint) -> a
android.support.v4.view.ViewCompatGingerbread -> android.support.v4.view.y:
    23:23:int getOverScrollMode(android.view.View) -> a
android.support.v4.view.ViewCompatHC -> android.support.v4.view.z:
    25:25:long getFrameTime() -> a
    29:30:void setLayerType(android.view.View,int,android.graphics.Paint) -> a
android.support.v4.view.ViewCompatICS -> android.support.v4.view.aa:
    30:30:boolean canScrollHorizontally(android.view.View,int) -> a
android.support.v4.view.ViewCompatJB -> android.support.v4.view.ab:
    36:37:void postInvalidateOnAnimation(android.view.View) -> a
    45:46:void postOnAnimation(android.view.View,java.lang.Runnable) -> a
android.support.v4.view.ViewPager -> android.support.v4.view.ViewPager:
    int[] LAYOUT_ATTRS -> a
    java.util.Comparator COMPARATOR -> b
    android.view.animation.Interpolator sInterpolator -> c
    java.util.ArrayList mItems -> d
    android.support.v4.view.ViewPager$ItemInfo mTempItem -> e
    android.graphics.Rect mTempRect -> f
    android.support.v4.view.PagerAdapter mAdapter -> g
    int mCurItem -> h
    int mRestoredCurItem -> i
    android.os.Parcelable mRestoredAdapterState -> j
    java.lang.ClassLoader mRestoredClassLoader -> k
    android.widget.Scroller mScroller -> l
    android.support.v4.view.ViewPager$PagerObserver mObserver -> m
    int mPageMargin -> n
    android.graphics.drawable.Drawable mMarginDrawable -> o
    int mTopPageBounds -> p
    int mBottomPageBounds -> q
    float mFirstOffset -> r
    float mLastOffset -> s
    int mChildWidthMeasureSpec -> t
    int mChildHeightMeasureSpec -> u
    boolean mInLayout -> v
    boolean mScrollingCacheEnabled -> w
    boolean mPopulatePending -> x
    int mOffscreenPageLimit -> y
    boolean mIsBeingDragged -> z
    boolean mIsUnableToDrag -> A
    int mDefaultGutterSize -> B
    int mGutterSize -> C
    int mTouchSlop -> D
    float mLastMotionX -> E
    float mLastMotionY -> F
    float mInitialMotionX -> G
    float mInitialMotionY -> H
    int mActivePointerId -> I
    android.view.VelocityTracker mVelocityTracker -> J
    int mMinimumVelocity -> K
    int mMaximumVelocity -> L
android.support.v4.view.ViewPager$1 -> android.support.v4.view.ac:
    113:113:int compare(android.support.v4.view.ViewPager$ItemInfo,android.support.v4.view.ViewPager$ItemInfo) -> a
    110:110:int compare(java.lang.Object,java.lang.Object) -> compare
android.support.v4.view.ViewPager$2 -> android.support.v4.view.ad:
    119:120:float getInterpolation(float) -> getInterpolation
android.support.v4.view.ViewPager$Decor -> android.support.v4.view.ae:
android.support.v4.view.ViewPager$ItemInfo -> android.support.v4.view.af:
    java.lang.Object object -> a
    int position -> b
    boolean scrolling -> c
    float widthFactor -> d
    float offset -> e
android.support.v4.view.ViewPager$LayoutParams -> android.support.v4.view.ag:
    boolean isDecor -> a
    int gravity -> b
    float widthFactor -> c
    boolean needsMeasure -> d
    int position -> e
    int childIndex -> f
android.support.v4.view.ViewPager$OnAdapterChangeListener -> android.support.v4.view.ah:
    void onAdapterChanged(android.support.v4.view.PagerAdapter,android.support.v4.view.PagerAdapter) -> a
android.support.v4.view.ViewPager$OnPageChangeListener -> android.support.v4.view.ai:
    void onPageScrolled(int,float,int) -> a
    void onPageSelected(int) -> a
    void onPageScrollStateChanged(int) -> b
android.support.v4.view.ViewPager$PageTransformer -> android.support.v4.view.aj:
    void transformPage(android.view.View,float) -> a